#
# There is insufficient memory for the Java Runtime Environment to continue.
# Native memory allocation (mmap) failed to map 65011712 bytes for Failed to commit area from 0x00000000c2c00000 to 0x00000000c6a00000 of length 65011712.
# Possible reasons:
#   The system is out of physical RAM or swap space
#   The process is running with CompressedOops enabled, and the Java Heap may be blocking the growth of the native heap
# Possible solutions:
#   Reduce memory load on the system
#   Increase physical memory or swap space
#   Check if swap backing store is full
#   Decrease Java heap size (-Xmx/-Xms)
#   Decrease number of Java threads
#   Decrease Java thread stack sizes (-Xss)
#   Set larger code cache with -XX:ReservedCodeCacheSize=
# This output file may be truncated or incomplete.
#
#  Out of Memory Error (t:/workspace/open/src/hotspot/os/windows/os_windows.cpp:3269), pid=10060, tid=7792
#
# JRE version:  (11.0+28) (build )
# Java VM: Java HotSpot(TM) 64-Bit Server VM (11+28, mixed mode, aot, sharing, tiered, compressed oops, g1 gc, windows-amd64)
# No core dump will be written. Minidumps are not enabled by default on client versions of Windows
#

---------------  S U M M A R Y ------------

Command Line: -Dcom.sun.management.jmxremote -Dcom.sun.management.jmxremote.port=50089 -Dcom.sun.management.jmxremote.authenticate=false -Dcom.sun.management.jmxremote.ssl=false -Djava.rmi.server.hostname=localhost -Dspring.jmx.enabled=true -Dmanagement.endpoints.jmx.exposure.include=* -Dspring.application.admin.enabled=true -XX:TieredStopAtLevel=1 -Dspring.boot.project.name=facefood -Dfile.encoding=UTF-8 br.edu.ufersa.facefood.FacefoodApplication --spring.output.ansi.enabled=always

Host: Intel(R) Celeron(R) N4020 CPU @ 1.10GHz, 2 cores, 3G,  Windows 10 , 64 bit Build 19041 (10.0.19041.2913)
Time: Tue May 16 17:13:41 2023 Hora oficial do Brasil elapsed time: 0 seconds (0d 0h 0m 0s)

---------------  T H R E A D  ---------------

Current thread (0x0000018dd70cc800):  JavaThread "Unknown thread" [_thread_in_vm, id=7792, stack(0x0000003eda200000,0x0000003eda300000)]

Stack: [0x0000003eda200000,0x0000003eda300000]
Native frames: (J=compiled Java code, j=interpreted, Vv=VM code, C=native code)
V  [jvm.dll+0x63c22a]
V  [jvm.dll+0x7797ef]
V  [jvm.dll+0x77adda]
V  [jvm.dll+0x77b493]
V  [jvm.dll+0x262818]
V  [jvm.dll+0x6396da]
V  [jvm.dll+0x62dfb5]
V  [jvm.dll+0x31699c]
V  [jvm.dll+0x316822]
V  [jvm.dll+0x31c096]
V  [jvm.dll+0x3684af]
V  [jvm.dll+0x367ed0]
V  [jvm.dll+0x2f38b8]
V  [jvm.dll+0x2f4a16]
V  [jvm.dll+0x752db7]
V  [jvm.dll+0x7544ff]
V  [jvm.dll+0x3752e9]
V  [jvm.dll+0x7394b9]
V  [jvm.dll+0x3e46fd]
V  [jvm.dll+0x3e69d1]
C  [javaw.exe+0x3613]
C  [javaw.exe+0x17e2c]
C  [KERNEL32.DLL+0x17614]
C  [ntdll.dll+0x526a1]


---------------  P R O C E S S  ---------------

Threads class SMR info:
_java_thread_list=0x0000018dd503af70, length=0, elements={
}

Java Threads: ( => current thread )

Other Threads:
  0x0000018dd70e5800 GCTaskThread "GC Thread#0" [stack: 0x0000003eda300000,0x0000003eda400000] [id=13780]
  0x0000018dd7102000 ConcurrentGCThread "G1 Main Marker" [stack: 0x0000003eda400000,0x0000003eda500000] [id=2600]
  0x0000018dd7104000 ConcurrentGCThread "G1 Conc#0" [stack: 0x0000003eda500000,0x0000003eda600000] [id=4936]

[error occurred during error reporting (printing all threads), id 0xc0000005, EXCEPTION_ACCESS_VIOLATION (0xc0000005) at pc=0x00007ffe8a682137]

VM state:not at safepoint (not fully initialized)

VM Mutex/Monitor currently owned by a thread:  ([mutex/lock_event])
[0x0000018dd70ca7b0] Heap_lock - owner thread: 0x0000018dd70cc800

Heap address: 0x00000000c2c00000, size: 980 MB, Compressed Oops mode: Non-zero based: 0x00000000c2c00000
Narrow klass base: 0x0000000000000000, Narrow klass shift: 0

GC Heap History (0 events):
No events

Deoptimization events (0 events):
No events

Classes redefined (0 events):
No events

Internal exceptions (0 events):
No events

Events (0 events):
No events


Dynamic libraries:
0x00007ff7a2430000 - 0x00007ff7a2477000 	C:\Program Files\Java\jdk-11\bin\javaw.exe
0x00007ffee6610000 - 0x00007ffee6808000 	C:\Windows\SYSTEM32\ntdll.dll
0x00007ffee6150000 - 0x00007ffee620f000 	C:\Windows\System32\KERNEL32.DLL
0x00007ffee3f50000 - 0x00007ffee4246000 	C:\Windows\System32\KERNELBASE.dll
0x00007ffee4940000 - 0x00007ffee49ef000 	C:\Windows\System32\ADVAPI32.dll
0x00007ffee5fa0000 - 0x00007ffee603e000 	C:\Windows\System32\msvcrt.dll
0x00007ffee5590000 - 0x00007ffee562c000 	C:\Windows\System32\sechost.dll
0x00007ffee4750000 - 0x00007ffee4876000 	C:\Windows\System32\RPCRT4.dll
0x00007ffee5100000 - 0x00007ffee529d000 	C:\Windows\System32\USER32.dll
0x00007ffee43f0000 - 0x00007ffee4412000 	C:\Windows\System32\win32u.dll
0x00007ffee4ee0000 - 0x00007ffee4f0c000 	C:\Windows\System32\GDI32.dll
0x00007ffee44d0000 - 0x00007ffee45e5000 	C:\Windows\System32\gdi32full.dll
0x00007ffee4250000 - 0x00007ffee42ed000 	C:\Windows\System32\msvcp_win.dll
0x00007ffee3e50000 - 0x00007ffee3f50000 	C:\Windows\System32\ucrtbase.dll
0x00007ffed1990000 - 0x00007ffed1c2a000 	C:\Windows\WinSxS\amd64_microsoft.windows.common-controls_6595b64144ccf1df_6.0.19041.1110_none_60b5254171f9507e\COMCTL32.dll
0x00007ffed5d70000 - 0x00007ffed5d7a000 	C:\Windows\SYSTEM32\VERSION.dll
0x00007ffee6040000 - 0x00007ffee6070000 	C:\Windows\System32\IMM32.DLL
0x00007ffeba8e0000 - 0x00007ffeba8f6000 	C:\Program Files\Java\jdk-11\bin\vcruntime140.dll
0x00007ffea50a0000 - 0x00007ffea514a000 	C:\Program Files\Java\jdk-11\bin\msvcp140.dll
0x00007ffe8a380000 - 0x00007ffe8aec2000 	C:\Program Files\Java\jdk-11\bin\server\jvm.dll
0x00007ffee4930000 - 0x00007ffee4938000 	C:\Windows\System32\PSAPI.DLL
0x00007ffed49c0000 - 0x00007ffed49c9000 	C:\Windows\SYSTEM32\WSOCK32.dll
0x00007ffee5640000 - 0x00007ffee56ab000 	C:\Windows\System32\WS2_32.dll
0x00007ffed3160000 - 0x00007ffed3187000 	C:\Windows\SYSTEM32\WINMM.dll
0x00007ffee2590000 - 0x00007ffee25a2000 	C:\Windows\SYSTEM32\kernel.appcore.dll
0x00007ffeb7f40000 - 0x00007ffeb7f51000 	C:\Program Files\Java\jdk-11\bin\verify.dll
0x00007ffee1ab0000 - 0x00007ffee1c94000 	C:\Windows\SYSTEM32\DBGHELP.DLL
0x00007ffecad50000 - 0x00007ffecad84000 	C:\Windows\SYSTEM32\dbgcore.DLL
0x00007ffee42f0000 - 0x00007ffee4372000 	C:\Windows\System32\bcryptPrimitives.dll
0x00007ffeb6030000 - 0x00007ffeb6059000 	C:\Program Files\Java\jdk-11\bin\java.dll
0x00007ffeb5c50000 - 0x00007ffeb5c66000 	C:\Program Files\Java\jdk-11\bin\zip.dll
0x00007ffed33f0000 - 0x00007ffed33fa000 	C:\Program Files\Java\jdk-11\bin\jimage.dll

dbghelp: loaded successfully - version: 4.0.5 - missing functions: none
symbol engine: initialized successfully - sym options: 0x614 - pdb path: .;C:\Program Files\Java\jdk-11\bin;C:\Windows\SYSTEM32;C:\Windows\WinSxS\amd64_microsoft.windows.common-controls_6595b64144ccf1df_6.0.19041.1110_none_60b5254171f9507e;C:\Program Files\Java\jdk-11\bin\server

VM Arguments:
jvm_args: -Dcom.sun.management.jmxremote -Dcom.sun.management.jmxremote.port=50089 -Dcom.sun.management.jmxremote.authenticate=false -Dcom.sun.management.jmxremote.ssl=false -Djava.rmi.server.hostname=localhost -Dspring.jmx.enabled=true -Dmanagement.endpoints.jmx.exposure.include=* -Dspring.application.admin.enabled=true -XX:TieredStopAtLevel=1 -Dspring.boot.project.name=facefood -Dfile.encoding=UTF-8 
java_command: br.edu.ufersa.facefood.FacefoodApplication --spring.output.ansi.enabled=always
java_class_path (initial): C:\Users\Ryan\Desktop\projetoweb\facefood\target\classes;C:\Users\Ryan\.m2\repository\org\springframework\boot\spring-boot-starter-web\2.7.8\spring-boot-starter-web-2.7.8.jar;C:\Users\Ryan\.m2\repository\org\springframework\boot\spring-boot-starter\2.7.8\spring-boot-starter-2.7.8.jar;C:\Users\Ryan\.m2\repository\org\springframework\boot\spring-boot-starter-logging\2.7.8\spring-boot-starter-logging-2.7.8.jar;C:\Users\Ryan\.m2\repository\ch\qos\logback\logback-classic\1.2.11\logback-classic-1.2.11.jar;C:\Users\Ryan\.m2\repository\ch\qos\logback\logback-core\1.2.11\logback-core-1.2.11.jar;C:\Users\Ryan\.m2\repository\org\apache\logging\log4j\log4j-to-slf4j\2.17.2\log4j-to-slf4j-2.17.2.jar;C:\Users\Ryan\.m2\repository\org\apache\logging\log4j\log4j-api\2.17.2\log4j-api-2.17.2.jar;C:\Users\Ryan\.m2\repository\org\slf4j\jul-to-slf4j\1.7.36\jul-to-slf4j-1.7.36.jar;C:\Users\Ryan\.m2\repository\jakarta\annotation\jakarta.annotation-api\1.3.5\jakarta.annotation-api-1.3.5.jar;C:\Users\Ryan\.m2\repository\org\yaml\snakeyaml\1.30\snakeyaml-1.30.jar;C:\Users\Ryan\.m2\repository\org\springframework\boot\spring-boot-starter-json\2.7.8\spring-boot-starter-json-2.7.8.jar;C:\Users\Ryan\.m2\repository\com\fasterxml\jackson\datatype\jackson-datatype-jdk8\2.13.4\jackson-datatype-jdk8-2.13.4.jar;C:\Users\Ryan\.m2\repository\com\fasterxml\jackson\datatype\jackson-datatype-jsr310\2.13.4\jackson-datatype-jsr310-2.13.4.jar;C:\Users\Ryan\.m2\repository\com\fasterxml\jackson\module\jackson-module-parameter-names\2.13.4\jackson-module-parameter-names-2.13.4.jar;C:\Users\Ryan\.m2\repository\org\springframework\boot\spring-boot-starter-tomcat\2.7.8\spring-boot-starter-tomcat-2.7.8.jar;C:\Users\Ryan\.m2\repository\org\apache\tomcat\embed\tomcat-embed-core\9.0.71\tomcat-embed-core-9.0.71.jar;C:\Users\Ryan\.m2\repository\org\apache\tomcat\embed\tomcat-embed-websocket\9.0.71\tomcat-embed-websocket-9.0.71.jar;C:\Users\Ryan\.m2\repository\org\springframework\spring-web\5.3.2
Launcher Type: SUN_STANDARD

[Global flags]
     intx CICompilerCount                          = 2                                         {product} {ergonomic}
     uint ConcGCThreads                            = 1                                         {product} {ergonomic}
     uint G1ConcRefinementThreads                  = 2                                         {product} {ergonomic}
   size_t G1HeapRegionSize                         = 1048576                                   {product} {ergonomic}
    uintx GCDrainStackTargetSize                   = 64                                        {product} {ergonomic}
   size_t InitialHeapSize                          = 65011712                                  {product} {ergonomic}
     bool ManagementServer                         = true                                      {product} {command line}
   size_t MarkStackSize                            = 4194304                                   {product} {ergonomic}
   size_t MaxHeapSize                              = 1027604480                                {product} {ergonomic}
   size_t MinHeapDeltaBytes                        = 1048576                                   {product} {ergonomic}
    uintx NonNMethodCodeHeapSize                   = 6396312                                {pd product} {ergonomic}
    uintx NonProfiledCodeHeapSize                  = 245261928                              {pd product} {ergonomic}
    uintx ProfiledCodeHeapSize                     = 0                                      {pd product} {ergonomic}
    uintx ReservedCodeCacheSize                    = 251658240                              {pd product} {ergonomic}
     bool SegmentedCodeCache                       = true                                      {product} {ergonomic}
     intx TieredStopAtLevel                        = 1                                         {product} {command line}
     bool UseCompressedClassPointers               = true                                 {lp64_product} {ergonomic}
     bool UseCompressedOops                        = true                                 {lp64_product} {ergonomic}
     bool UseG1GC                                  = true                                      {product} {ergonomic}
     bool UseLargePagesIndividualAllocation        = false                                  {pd product} {ergonomic}

Logging:
Log output configuration:
 #0: stdout all=warning uptime,level,tags
 #1: stderr all=off uptime,level,tags

Environment Variables:
JAVA_HOME=C:\Program Files\Java\jdk1.8.0_333
CLASSPATH=C:\Program Files\Java\jdk1.8.0_333\lib\tools.jar;.;
PATH=C:/Users/Ryan/.p2/pool/plugins/org.eclipse.justj.openjdk.hotspot.jre.full.win32.x86_64_17.0.5.v20221102-0933/jre/bin/server;C:/Users/Ryan/.p2/pool/plugins/org.eclipse.justj.openjdk.hotspot.jre.full.win32.x86_64_17.0.5.v20221102-0933/jre/bin;C:\Program Files (x86)\Common Files\Oracle\Java\javapath;C:\Windows\system32;C:\Windows;C:\Windows\System32\Wbem;C:\Windows\System32\WindowsPowerShell\v1.0\;C:\Windows\System32\OpenSSH\;C:\Program Files\Java\jdk1.8.0_333\bin;C:\Program Files\Git\cmd;C:\Program Files\nodejs\;C:\Program Files\MySQL\MySQL Shell 8.0\bin\;C:\Users\Ryan\AppData\Local\Microsoft\WindowsApps;C:\Users\Ryan\AppData\Local\atom\bin;C:\Users\Ryan\AppData\Local\Programs\Microsoft VS Code\bin;C:\Users\Ryan\AppData\Roaming\npm;C:\Users\Ryan\Desktop;
USERNAME=Ryan
OS=Windows_NT
PROCESSOR_IDENTIFIER=Intel64 Family 6 Model 122 Stepping 8, GenuineIntel



---------------  S Y S T E M  ---------------

OS: Windows 10 , 64 bit Build 19041 (10.0.19041.2913)

CPU:total 2 (initial active 2) (2 cores per cpu, 1 threads per core) family 6 model 122 stepping 8, cmov, cx8, fxsr, mmx, sse, sse2, sse3, ssse3, sse4.1, sse4.2, popcnt, aes, clmul, erms, 3dnowpref, tsc, tscinvbit, sha

Memory: 4k page, system-wide physical 3916M (288M free)
TotalPageFile size 15692M (AvailPageFile size 44M)
current process WorkingSet (physical memory assigned to process): 9M, peak: 9M
current process commit charge ("private bytes"): 44M, peak: 106M

vm_info: Java HotSpot(TM) 64-Bit Server VM (11+28) for windows-amd64 JRE (11+28), built on Aug 23 2018 03:03:59 by "mach5one" with MS VC++ 15.5 (VS2017)

END.
